<?xml version="1.0" encoding="UTF-8"?>
<!-- Generated by org.testng.reporters.JUnitXMLReporter -->
<testsuite ignored="0" hostname="DESKTOP-JI62TLU" failures="2" tests="3" name="Test" time="40.849" errors="0" timestamp="08 Jun 2019 10:11:42 GMT">
  <testcase classname="aleksgrig.ValidateTitleTest" name="validateTitle" time="8.543"/>
  <testcase classname="aleksgrig.HomePageTest" name="navigate" time="12.374">
    <failure type="java.lang.AssertionError" message="expected [true] but found [false]">
      <![CDATA[java.lang.AssertionError: expected [true] but found [false]
at aleksgrig.HomePageTest.navigate(HomePageTest.java:36)
... Removed 33 stack frames]]>
    </failure>
  </testcase> <!-- navigate -->
  <testcase classname="aleksgrig.HomePageTest" name="navigate" time="12.79">
    <failure type="java.lang.NoClassDefFoundError" message="org/apache/commons/io/FileUtils">
      <![CDATA[java.lang.NoClassDefFoundError: org/apache/commons/io/FileUtils
at aleksgrig.Base.getScreenShot(Base.java:60)
at aleksgrig.Listeners.onTestFailure(Listeners.java:26)
Caused by: java.lang.ClassNotFoundException: org.apache.commons.io.FileUtils
at java.base/jdk.internal.loader.BuiltinClassLoader.loadClass(BuiltinClassLoader.java:583)
at java.base/jdk.internal.loader.ClassLoaders$AppClassLoader.loadClass(ClassLoaders.java:178)
at java.base/java.lang.ClassLoader.loadClass(ClassLoader.java:521)
... 28 more
... Removed 26 stack frames]]>
    </failure>
  </testcase> <!-- navigate -->
</testsuite> <!-- Test -->
